<?xml version="1.0" encoding="UTF-8"?>
<!-- Generated by org.testng.reporters.JUnitXMLReporter -->
<testsuite ignored="0" hostname="DESKTOP-JJCDIKB" failures="5" tests="11" name="Login_InventPageTest" time="119.028" errors="0" timestamp="2025-02-04T22:58:36 IST">
  <testcase classname="testCases.LoginPageTest" name="LoginToApplicationTest" time="0.018">
    <failure type="java.io.FileNotFoundException">
      <![CDATA[java.io.FileNotFoundException: 
at java.base/java.io.FileInputStream.open0(Native Method)
at java.base/java.io.FileInputStream.open(FileInputStream.java:216)
at java.base/java.io.FileInputStream.<init>(FileInputStream.java:157)
at java.base/java.io.FileInputStream.<init>(FileInputStream.java:111)
at utility.ReadData.readExcel(ReadData.java:25)
at testCases.LoginPageTest.LoginToApplicationTest(LoginPageTest.java:36)
at java.base/java.util.ArrayList.forEach(ArrayList.java:1511)
... Removed 27 stack frames]]>
    </failure>
  </testcase> <!-- LoginToApplicationTest -->
  <testcase classname="testCases.LoginPageTest" name="verifyTitleOfApplicationTest" time="0.005">
    <failure type="java.io.FileNotFoundException">
      <![CDATA[java.io.FileNotFoundException: 
at java.base/java.io.FileInputStream.open0(Native Method)
at java.base/java.io.FileInputStream.open(FileInputStream.java:216)
at java.base/java.io.FileInputStream.<init>(FileInputStream.java:157)
at java.base/java.io.FileInputStream.<init>(FileInputStream.java:111)
at utility.ReadData.readExcel(ReadData.java:25)
at testCases.LoginPageTest.verifyTitleOfApplicationTest(LoginPageTest.java:56)
at java.base/java.util.ArrayList.forEach(ArrayList.java:1511)
... Removed 27 stack frames]]>
    </failure>
  </testcase> <!-- verifyTitleOfApplicationTest -->
  <testcase classname="testCases.LoginPageTest" name="verifyUrlOfApplicationTest" time="0.005">
    <failure type="java.io.FileNotFoundException">
      <![CDATA[java.io.FileNotFoundException: 
at java.base/java.io.FileInputStream.open0(Native Method)
at java.base/java.io.FileInputStream.open(FileInputStream.java:216)
at java.base/java.io.FileInputStream.<init>(FileInputStream.java:157)
at java.base/java.io.FileInputStream.<init>(FileInputStream.java:111)
at utility.ReadData.readExcel(ReadData.java:25)
at testCases.LoginPageTest.verifyUrlOfApplicationTest(LoginPageTest.java:46)
at java.base/java.util.ArrayList.forEach(ArrayList.java:1511)
... Removed 27 stack frames]]>
    </failure>
  </testcase> <!-- verifyUrlOfApplicationTest -->
  <testcase classname="testCases.InventoryPageTest" name="Add6ProductsToCartTest" time="0.004">
    <failure type="java.io.FileNotFoundException">
      <![CDATA[java.io.FileNotFoundException: 
at java.base/java.io.FileInputStream.open0(Native Method)
at java.base/java.io.FileInputStream.open(FileInputStream.java:216)
at java.base/java.io.FileInputStream.<init>(FileInputStream.java:157)
at java.base/java.io.FileInputStream.<init>(FileInputStream.java:111)
at utility.ReadData.readExcel(ReadData.java:25)
at testCases.InventoryPageTest.Add6ProductsToCartTest(InventoryPageTest.java:39)
at java.base/java.util.ArrayList.forEach(ArrayList.java:1511)
... Removed 27 stack frames]]>
    </failure>
  </testcase> <!-- Add6ProductsToCartTest -->
  <testcase classname="testCases.InventoryPageTest" name="Remove5ProductsFromeCartTest" time="0.004">
    <failure type="java.io.FileNotFoundException">
      <![CDATA[java.io.FileNotFoundException: 
at java.base/java.io.FileInputStream.open0(Native Method)
at java.base/java.io.FileInputStream.open(FileInputStream.java:216)
at java.base/java.io.FileInputStream.<init>(FileInputStream.java:157)
at java.base/java.io.FileInputStream.<init>(FileInputStream.java:111)
at utility.ReadData.readExcel(ReadData.java:25)
at testCases.InventoryPageTest.Remove5ProductsFromeCartTest(InventoryPageTest.java:49)
at java.base/java.util.ArrayList.forEach(ArrayList.java:1511)
... Removed 27 stack frames]]>
    </failure>
  </testcase> <!-- Remove5ProductsFromeCartTest -->
  <testcase classname="testCases.InventoryPageTest" name="clickOnCartIconTest" time="0.368"/>
  <testcase classname="testCases.InventoryPageTest" name="verifyFacebookLogoTest" time="0.11"/>
  <testcase classname="testCases.InventoryPageTest" name="verifyFooterTextTest" time="0.095"/>
  <testcase classname="testCases.InventoryPageTest" name="verifyLinkedInLogoTest" time="0.119"/>
  <testcase classname="testCases.InventoryPageTest" name="verifyTitleOfProductTest" time="0.081"/>
  <testcase classname="testCases.InventoryPageTest" name="verifylogoOfInventoryPageTest" time="0.025"/>
</testsuite> <!-- Login_InventPageTest -->
