<?xml version="1.0" encoding="UTF-8"?>
<!-- Generated by org.testng.reporters.JUnitXMLReporter -->
<testsuite ignored="3" hostname="DESKTOP-JJCDIKB" failures="0" tests="1" name="Default test" time="14.33" errors="0" timestamp="2025-02-07T23:59:47 IST">
  <testcase classname="testCases.LoginPageTest" name="LoginToApplicationTest" time="3.061"/>
  <testcase classname="testCases.LoginPageTest" name="loginToApplicationWithMultiCredsTest" time="0.0">
    <ignored/>
  </testcase> <!-- loginToApplicationWithMultiCredsTest -->
  <testcase classname="testCases.LoginPageTest" name="verifyUrlOfApplicationTest" time="0.0">
    <ignored/>
  </testcase> <!-- verifyUrlOfApplicationTest -->
  <testcase classname="testCases.LoginPageTest" name="verifyTitleOfApplicationTest" time="0.0">
    <ignored/>
  </testcase> <!-- verifyTitleOfApplicationTest -->
</testsuite> <!-- Default test -->
