<?xml version="1.0" encoding="UTF-8"?>
<!-- Generated by org.testng.reporters.JUnitXMLReporter -->
<testsuite ignored="0" hostname="DESKTOP-JJCDIKB" failures="0" tests="7" name="Default test" time="67.133" errors="0" timestamp="2025-02-10T01:44:12 IST">
  <testcase classname="testCases1.InventoryPageTest1" name="Add6ProductsIntoCartTest" time="1.675"/>
  <testcase classname="testCases1.InventoryPageTest1" name="remove3ProductsTest" time="1.712"/>
  <testcase classname="testCases1.InventoryPageTest1" name="verifyFacebookLogoTest" time="0.099"/>
  <testcase classname="testCases1.InventoryPageTest1" name="verifyFooterTxtTest" time="0.1"/>
  <testcase classname="testCases1.InventoryPageTest1" name="verifyLinkedInLogoTest" time="0.089"/>
  <testcase classname="testCases1.InventoryPageTest1" name="verifyTitleOfInventoryPageTest" time="0.039"/>
  <testcase classname="testCases1.InventoryPageTest1" name="verifyTwitterLogoTest" time="0.091"/>
</testsuite> <!-- Default test -->
