<?xml version="1.0" encoding="UTF-8"?>
<testng-results ignored="3" total="4" passed="1" failed="0" skipped="0">
  <reporter-output>
    <line>
      <![CDATA[Logged in Url =https://www.saucedemo.com/inventory.html]]>
    </line>
  </reporter-output>
  <suite started-at="2025-02-07T23:59:32 IST" name="Default suite" finished-at="2025-02-07T23:59:47 IST" duration-ms="14330">
    <groups>
    </groups>
    <test started-at="2025-02-07T23:59:32 IST" name="Default test" finished-at="2025-02-07T23:59:47 IST" duration-ms="14330">
      <class name="testCases.LoginPageTest">
        <test-method is-config="true" signature="SetUp()[pri:0, instance:testCases.LoginPageTest@398dada8]" started-at="2025-02-07T23:59:32 IST" name="SetUp" finished-at="2025-02-07T23:59:42 IST" duration-ms="9488" status="PASS">
          <reporter-output>
          </reporter-output>
        </test-method> <!-- SetUp -->
        <test-method signature="LoginToApplicationTest()[pri:0, instance:testCases.LoginPageTest@398dada8]" started-at="2025-02-07T23:59:42 IST" name="LoginToApplicationTest" finished-at="2025-02-07T23:59:45 IST" duration-ms="3061" status="PASS">
          <reporter-output>
            <line>
              <![CDATA[Logged in Url =https://www.saucedemo.com/inventory.html]]>
            </line>
          </reporter-output>
        </test-method> <!-- LoginToApplicationTest -->
        <test-method is-config="true" signature="CloseBrowser(org.testng.ITestResult)[pri:0, instance:testCases.LoginPageTest@398dada8]" started-at="2025-02-07T23:59:45 IST" name="CloseBrowser" finished-at="2025-02-07T23:59:47 IST" duration-ms="1663" status="PASS">
          <params>
            <param index="0">
              <value>
                <![CDATA[[TestResult name=LoginToApplicationTest status=SUCCESS method=LoginPageTest.LoginToApplicationTest()[pri:0, instance:testCases.LoginPageTest@398dada8] output=Logged in Url =https://www.saucedemo.com/inventory.html]]]>
              </value>
            </param>
          </params>
          <reporter-output>
          </reporter-output>
        </test-method> <!-- CloseBrowser -->
      </class> <!-- testCases.LoginPageTest -->
    </test> <!-- Default test -->
  </suite> <!-- Default suite -->
</testng-results>
