<?xml version="1.0" encoding="UTF-8"?>
<testng-results ignored="0" total="7" passed="7" failed="0" skipped="0">
  <reporter-output>
    <line>
      <![CDATA[Add Products =6]]>
    </line>
    <line>
      <![CDATA[Add Products =6]]>
    </line>
    <line>
      <![CDATA[Remove Products =3]]>
    </line>
    <line>
      <![CDATA[FaceBook Logo Is Display =true]]>
    </line>
    <line>
      <![CDATA[Footer Text =© 2025 Sauce Labs. All Rights Reserved. Terms of Service | Privacy Policy]]>
    </line>
    <line>
      <![CDATA[LinkedIn Logo Is Display =true]]>
    </line>
    <line>
      <![CDATA[Title Of Inventory Page =Swag Labs]]>
    </line>
    <line>
      <![CDATA[Twitter Logo Is Display =true]]>
    </line>
  </reporter-output>
  <suite started-at="2025-02-10T01:43:05 IST" name="Default suite" finished-at="2025-02-10T01:44:12 IST" duration-ms="67133">
    <groups>
    </groups>
    <test started-at="2025-02-10T01:43:05 IST" name="Default test" finished-at="2025-02-10T01:44:12 IST" duration-ms="67133">
      <class name="testCases1.InventoryPageTest1">
        <test-method is-config="true" signature="SetUp1()[pri:0, instance:testCases1.InventoryPageTest1@15043a2f]" started-at="2025-02-10T01:43:05 IST" name="SetUp1" finished-at="2025-02-10T01:43:16 IST" duration-ms="10553" status="PASS">
          <reporter-output>
          </reporter-output>
        </test-method> <!-- SetUp1 -->
        <test-method signature="Add6ProductsIntoCartTest()[pri:0, instance:testCases1.InventoryPageTest1@15043a2f]" started-at="2025-02-10T01:43:16 IST" name="Add6ProductsIntoCartTest" finished-at="2025-02-10T01:43:17 IST" duration-ms="1675" status="PASS">
          <reporter-output>
            <line>
              <![CDATA[Add Products =6]]>
            </line>
          </reporter-output>
        </test-method> <!-- Add6ProductsIntoCartTest -->
        <test-method is-config="true" signature="CloseBrowser()[pri:0, instance:testCases1.InventoryPageTest1@15043a2f]" started-at="2025-02-10T01:43:17 IST" name="CloseBrowser" finished-at="2025-02-10T01:43:18 IST" duration-ms="353" status="PASS">
          <reporter-output>
          </reporter-output>
        </test-method> <!-- CloseBrowser -->
        <test-method is-config="true" signature="SetUp1()[pri:0, instance:testCases1.InventoryPageTest1@15043a2f]" started-at="2025-02-10T01:43:18 IST" name="SetUp1" finished-at="2025-02-10T01:43:26 IST" duration-ms="7943" status="PASS">
          <reporter-output>
          </reporter-output>
        </test-method> <!-- SetUp1 -->
        <test-method signature="remove3ProductsTest()[pri:0, instance:testCases1.InventoryPageTest1@15043a2f]" started-at="2025-02-10T01:43:26 IST" name="remove3ProductsTest" finished-at="2025-02-10T01:43:27 IST" duration-ms="1712" status="PASS">
          <reporter-output>
            <line>
              <![CDATA[Add Products =6]]>
            </line>
            <line>
              <![CDATA[Remove Products =3]]>
            </line>
          </reporter-output>
        </test-method> <!-- remove3ProductsTest -->
        <test-method is-config="true" signature="CloseBrowser()[pri:0, instance:testCases1.InventoryPageTest1@15043a2f]" started-at="2025-02-10T01:43:27 IST" name="CloseBrowser" finished-at="2025-02-10T01:43:28 IST" duration-ms="430" status="PASS">
          <reporter-output>
          </reporter-output>
        </test-method> <!-- CloseBrowser -->
        <test-method is-config="true" signature="SetUp1()[pri:0, instance:testCases1.InventoryPageTest1@15043a2f]" started-at="2025-02-10T01:43:28 IST" name="SetUp1" finished-at="2025-02-10T01:43:36 IST" duration-ms="7883" status="PASS">
          <reporter-output>
          </reporter-output>
        </test-method> <!-- SetUp1 -->
        <test-method signature="verifyFacebookLogoTest()[pri:0, instance:testCases1.InventoryPageTest1@15043a2f]" started-at="2025-02-10T01:43:36 IST" name="verifyFacebookLogoTest" finished-at="2025-02-10T01:43:36 IST" duration-ms="99" status="PASS">
          <reporter-output>
            <line>
              <![CDATA[FaceBook Logo Is Display =true]]>
            </line>
          </reporter-output>
        </test-method> <!-- verifyFacebookLogoTest -->
        <test-method is-config="true" signature="CloseBrowser()[pri:0, instance:testCases1.InventoryPageTest1@15043a2f]" started-at="2025-02-10T01:43:36 IST" name="CloseBrowser" finished-at="2025-02-10T01:43:36 IST" duration-ms="683" status="PASS">
          <reporter-output>
          </reporter-output>
        </test-method> <!-- CloseBrowser -->
        <test-method is-config="true" signature="SetUp1()[pri:0, instance:testCases1.InventoryPageTest1@15043a2f]" started-at="2025-02-10T01:43:36 IST" name="SetUp1" finished-at="2025-02-10T01:43:45 IST" duration-ms="8284" status="PASS">
          <reporter-output>
          </reporter-output>
        </test-method> <!-- SetUp1 -->
        <test-method signature="verifyFooterTxtTest()[pri:0, instance:testCases1.InventoryPageTest1@15043a2f]" started-at="2025-02-10T01:43:45 IST" name="verifyFooterTxtTest" finished-at="2025-02-10T01:43:45 IST" duration-ms="100" status="PASS">
          <reporter-output>
            <line>
              <![CDATA[Footer Text =© 2025 Sauce Labs. All Rights Reserved. Terms of Service | Privacy Policy]]>
            </line>
          </reporter-output>
        </test-method> <!-- verifyFooterTxtTest -->
        <test-method is-config="true" signature="CloseBrowser()[pri:0, instance:testCases1.InventoryPageTest1@15043a2f]" started-at="2025-02-10T01:43:45 IST" name="CloseBrowser" finished-at="2025-02-10T01:43:45 IST" duration-ms="518" status="PASS">
          <reporter-output>
          </reporter-output>
        </test-method> <!-- CloseBrowser -->
        <test-method is-config="true" signature="SetUp1()[pri:0, instance:testCases1.InventoryPageTest1@15043a2f]" started-at="2025-02-10T01:43:45 IST" name="SetUp1" finished-at="2025-02-10T01:43:54 IST" duration-ms="8267" status="PASS">
          <reporter-output>
          </reporter-output>
        </test-method> <!-- SetUp1 -->
        <test-method signature="verifyLinkedInLogoTest()[pri:0, instance:testCases1.InventoryPageTest1@15043a2f]" started-at="2025-02-10T01:43:54 IST" name="verifyLinkedInLogoTest" finished-at="2025-02-10T01:43:54 IST" duration-ms="89" status="PASS">
          <reporter-output>
            <line>
              <![CDATA[LinkedIn Logo Is Display =true]]>
            </line>
          </reporter-output>
        </test-method> <!-- verifyLinkedInLogoTest -->
        <test-method is-config="true" signature="CloseBrowser()[pri:0, instance:testCases1.InventoryPageTest1@15043a2f]" started-at="2025-02-10T01:43:54 IST" name="CloseBrowser" finished-at="2025-02-10T01:43:54 IST" duration-ms="647" status="PASS">
          <reporter-output>
          </reporter-output>
        </test-method> <!-- CloseBrowser -->
        <test-method is-config="true" signature="SetUp1()[pri:0, instance:testCases1.InventoryPageTest1@15043a2f]" started-at="2025-02-10T01:43:54 IST" name="SetUp1" finished-at="2025-02-10T01:44:03 IST" duration-ms="9093" status="PASS">
          <reporter-output>
          </reporter-output>
        </test-method> <!-- SetUp1 -->
        <test-method signature="verifyTitleOfInventoryPageTest()[pri:0, instance:testCases1.InventoryPageTest1@15043a2f]" started-at="2025-02-10T01:44:03 IST" name="verifyTitleOfInventoryPageTest" finished-at="2025-02-10T01:44:03 IST" duration-ms="39" status="PASS">
          <reporter-output>
            <line>
              <![CDATA[Title Of Inventory Page =Swag Labs]]>
            </line>
          </reporter-output>
        </test-method> <!-- verifyTitleOfInventoryPageTest -->
        <test-method is-config="true" signature="CloseBrowser()[pri:0, instance:testCases1.InventoryPageTest1@15043a2f]" started-at="2025-02-10T01:44:03 IST" name="CloseBrowser" finished-at="2025-02-10T01:44:04 IST" duration-ms="356" status="PASS">
          <reporter-output>
          </reporter-output>
        </test-method> <!-- CloseBrowser -->
        <test-method is-config="true" signature="SetUp1()[pri:0, instance:testCases1.InventoryPageTest1@15043a2f]" started-at="2025-02-10T01:44:04 IST" name="SetUp1" finished-at="2025-02-10T01:44:12 IST" duration-ms="7778" status="PASS">
          <reporter-output>
          </reporter-output>
        </test-method> <!-- SetUp1 -->
        <test-method signature="verifyTwitterLogoTest()[pri:0, instance:testCases1.InventoryPageTest1@15043a2f]" started-at="2025-02-10T01:44:12 IST" name="verifyTwitterLogoTest" finished-at="2025-02-10T01:44:12 IST" duration-ms="91" status="PASS">
          <reporter-output>
            <line>
              <![CDATA[Twitter Logo Is Display =true]]>
            </line>
          </reporter-output>
        </test-method> <!-- verifyTwitterLogoTest -->
        <test-method is-config="true" signature="CloseBrowser()[pri:0, instance:testCases1.InventoryPageTest1@15043a2f]" started-at="2025-02-10T01:44:12 IST" name="CloseBrowser" finished-at="2025-02-10T01:44:12 IST" duration-ms="386" status="PASS">
          <reporter-output>
          </reporter-output>
        </test-method> <!-- CloseBrowser -->
      </class> <!-- testCases1.InventoryPageTest1 -->
    </test> <!-- Default test -->
  </suite> <!-- Default suite -->
</testng-results>
