<?xml version="1.0" encoding="UTF-8"?>
<!-- Generated by org.testng.reporters.JUnitReportReporter -->
<testsuite hostname="DESKTOP-JJCDIKB" failures="0" tests="7" name="testCases1.InventoryPageTest1" time="66.979" errors="0" timestamp="2025-02-10T01:44:13 IST" skipped="0">
  <testcase classname="testCases1.InventoryPageTest1" name="verifyFacebookLogoTest" time="8.884"/>
  <system-out>
    <![CDATA[FaceBook Logo Is Display =true]]>
  </system-out>
  <testcase classname="testCases1.InventoryPageTest1" name="verifyLinkedInLogoTest" time="8.679"/>
  <system-out>
    <![CDATA[LinkedIn Logo Is Display =true]]>
  </system-out>
  <testcase classname="testCases1.InventoryPageTest1" name="Add6ProductsIntoCartTest" time="11.124"/>
  <system-out>
    <![CDATA[Add Products =6]]>
  </system-out>
  <testcase classname="testCases1.InventoryPageTest1" name="remove3ProductsTest" time="10.173"/>
  <system-out>
    <![CDATA[Add Products =6
Remove Products =3]]>
  </system-out>
  <testcase classname="testCases1.InventoryPageTest1" name="verifyFooterTxtTest" time="8.413"/>
  <system-out>
    <![CDATA[Footer Text =© 2025 Sauce Labs. All Rights Reserved. Terms of Service | Privacy Policy]]>
  </system-out>
  <testcase classname="testCases1.InventoryPageTest1" name="verifyTitleOfInventoryPageTest" time="10.978"/>
  <system-out>
    <![CDATA[Title Of Inventory Page =Swag Labs]]>
  </system-out>
  <testcase classname="testCases1.InventoryPageTest1" name="verifyTwitterLogoTest" time="8.728"/>
  <system-out>
    <![CDATA[Twitter Logo Is Display =true]]>
  </system-out>
</testsuite> <!-- testCases1.InventoryPageTest1 -->
