<?xml version="1.0" encoding="UTF-8"?>
<!-- Generated by org.testng.reporters.JUnitXMLReporter -->
<testsuite ignored="0" hostname="DESKTOP-JJCDIKB" failures="0" tests="3" name="LoginTest" time="25.294" errors="0" timestamp="2025-02-05T00:31:37 IST">
  <testcase classname="testCases.LoginPageTest" name="LoginToApplicationTest" time="2.617"/>
  <testcase classname="testCases.LoginPageTest" name="verifyTitleOfApplicationTest" time="0.259"/>
  <testcase classname="testCases.LoginPageTest" name="verifyUrlOfApplicationTest" time="0.156"/>
</testsuite> <!-- LoginTest -->
