<?xml version="1.0" encoding="UTF-8"?>
<!-- Generated by org.testng.reporters.JUnitXMLReporter -->
<testsuite ignored="13" hostname="DESKTOP-JJCDIKB" failures="0" tests="6" name="GroupTest" time="70.842" errors="0" timestamp="2025-02-08T22:54:27 IST">
  <testcase classname="testCases.CheckoutStepTwoPageTest" name="clickOnCancleBtnTest" time="0.298"/>
  <testcase classname="testCases.CheckoutStepTwoPageTest" name="clickOnFinishBtnTest" time="0.18"/>
  <testcase classname="testCases.CheckoutStepTwoPageTest" name="getFooterTxtTest" time="0.065"/>
  <testcase classname="testCases.CheckoutStepTwoPageTest" name="verifyFacebookLogoTest" time="0.114"/>
  <testcase classname="testCases.CheckoutStepTwoPageTest" name="verifyLinkedInLogoTest" time="0.07"/>
  <testcase classname="testCases.CheckoutStepTwoPageTest" name="verifyShoppingCartTest" time="0.332"/>
  <testcase classname="testCases.CheckoutStepTwoPageTest" name="verifytitleOfCheckoutStepTwoTest" time="0.0">
    <ignored/>
  </testcase> <!-- verifytitleOfCheckoutStepTwoTest -->
  <testcase classname="testCases.CheckoutStepTwoPageTest" name="verifyfreePonyExpDeliveryTxtTest" time="0.0">
    <ignored/>
  </testcase> <!-- verifyfreePonyExpDeliveryTxtTest -->
  <testcase classname="testCases.CheckoutStepTwoPageTest" name="verifytotalTxtTest" time="0.0">
    <ignored/>
  </testcase> <!-- verifytotalTxtTest -->
  <testcase classname="testCases.CheckoutStepTwoPageTest" name="verifycheckOutOverviewTxtTest" time="0.0">
    <ignored/>
  </testcase> <!-- verifycheckOutOverviewTxtTest -->
  <testcase classname="testCases.CheckoutStepTwoPageTest" name="verifysauceCardTxtTest" time="0.0">
    <ignored/>
  </testcase> <!-- verifysauceCardTxtTest -->
  <testcase classname="testCases.CheckoutStepTwoPageTest" name="verifytaxTxtTest" time="0.0">
    <ignored/>
  </testcase> <!-- verifytaxTxtTest -->
  <testcase classname="testCases.CheckoutStepTwoPageTest" name="verifyshippingInfoTxtTest" time="0.0">
    <ignored/>
  </testcase> <!-- verifyshippingInfoTxtTest -->
  <testcase classname="testCases.CheckoutStepTwoPageTest" name="verifyqtyxtTest" time="0.0">
    <ignored/>
  </testcase> <!-- verifyqtyxtTest -->
  <testcase classname="testCases.CheckoutStepTwoPageTest" name="verifyTwitterLogoTest" time="0.0">
    <ignored/>
  </testcase> <!-- verifyTwitterLogoTest -->
  <testcase classname="testCases.CheckoutStepTwoPageTest" name="verifypriceTotalTxtTest" time="0.0">
    <ignored/>
  </testcase> <!-- verifypriceTotalTxtTest -->
  <testcase classname="testCases.CheckoutStepTwoPageTest" name="verifypaymentInfoTxtTest" time="0.0">
    <ignored/>
  </testcase> <!-- verifypaymentInfoTxtTest -->
  <testcase classname="testCases.CheckoutStepTwoPageTest" name="verifydescriptionTxtTest" time="0.0">
    <ignored/>
  </testcase> <!-- verifydescriptionTxtTest -->
  <testcase classname="testCases.CheckoutStepTwoPageTest" name="verifyitemTotalTxtTest" time="0.0">
    <ignored/>
  </testcase> <!-- verifyitemTotalTxtTest -->
</testsuite> <!-- GroupTest -->
