<?xml version="1.0" encoding="UTF-8"?>
<!-- Generated by org.testng.reporters.JUnitXMLReporter -->
<testsuite ignored="5" hostname="DESKTOP-JJCDIKB" failures="0" tests="7" name="GroupTest" time="75.225" errors="0" timestamp="2025-02-06T00:57:10 IST">
  <testcase classname="testCases.CheckoutStepTwoPageTest" name="verifycheckOutOverviewTxtTest" time="0.138"/>
  <testcase classname="testCases.CheckoutStepTwoPageTest" name="verifyfreePonyExpDeliveryTxtTest" time="0.053"/>
  <testcase classname="testCases.CheckoutStepTwoPageTest" name="verifyitemTotalTxtTest" time="0.055"/>
  <testcase classname="testCases.CheckoutStepTwoPageTest" name="verifypaymentInfoTxtTest" time="0.046"/>
  <testcase classname="testCases.CheckoutStepTwoPageTest" name="verifysauceCardTxtTest" time="0.058"/>
  <testcase classname="testCases.CheckoutStepTwoPageTest" name="verifyshippingInfoTxtTest" time="0.05"/>
  <testcase classname="testCases.CheckoutStepTwoPageTest" name="verifytotalTxtTest" time="0.045"/>
  <testcase classname="testCases.CheckoutStepTwoPageTest" name="verifytaxTxtTest" time="0.0">
    <ignored/>
  </testcase> <!-- verifytaxTxtTest -->
  <testcase classname="testCases.CheckoutStepTwoPageTest" name="verifytitleOfCheckoutStepTwoTest" time="0.0">
    <ignored/>
  </testcase> <!-- verifytitleOfCheckoutStepTwoTest -->
  <testcase classname="testCases.CheckoutStepTwoPageTest" name="verifypriceTotalTxtTest" time="0.0">
    <ignored/>
  </testcase> <!-- verifypriceTotalTxtTest -->
  <testcase classname="testCases.CheckoutStepTwoPageTest" name="verifydescriptionTxtTest" time="0.0">
    <ignored/>
  </testcase> <!-- verifydescriptionTxtTest -->
  <testcase classname="testCases.CheckoutStepTwoPageTest" name="verifyqtyxtTest" time="0.0">
    <ignored/>
  </testcase> <!-- verifyqtyxtTest -->
</testsuite> <!-- GroupTest -->
